app/build/outputs/logs/manifest-merger-debug-report.txt
-- Merging decision tree log ---
manifest
ADDED from src/main/AndroidManifest.xml:2:1-40:12
	package
		ADDED from src/main/AndroidManifest.xml:3:3-38
		INJECTED from src/main/AndroidManifest.xml
		INJECTED from src/main/AndroidManifest.xml
	android:versionName
		INJECTED from src/main/AndroidManifest.xml
		INJECTED from src/main/AndroidManifest.xml
	xmlns:android
		ADDED from src/main/AndroidManifest.xml:2:11-69
	android:versionCode
		INJECTED from src/main/AndroidManifest.xml
		INJECTED from src/main/AndroidManifest.xml
application
ADDED from src/main/AndroidManifest.xml:5:3-33:17
	android:label
		ADDED from src/main/AndroidManifest.xml:9:5-37
	android:allowBackup
		ADDED from src/main/AndroidManifest.xml:7:5-31
	android:icon
		ADDED from src/main/AndroidManifest.xml:8:5-37
	android:theme
		ADDED from src/main/AndroidManifest.xml:10:5-36
	android:name
		ADDED from src/main/AndroidManifest.xml:6:5-33
activity#com.neighborcell.daydream.UI.DDActivMain
ADDED from src/main/AndroidManifest.xml:12:5-27:16
	android:label
		ADDED from src/main/AndroidManifest.xml:14:7-39
	android:name
		ADDED from src/main/AndroidManifest.xml:13:7-37
intent-filter#android.intent.action.MAIN+android.intent.category.LAUNCHER
ADDED from src/main/AndroidManifest.xml:15:7-18:23
action#android.intent.action.MAIN
ADDED from src/main/AndroidManifest.xml:16:9-61
	android:name
		ADDED from src/main/AndroidManifest.xml:16:17-58
category#android.intent.category.LAUNCHER
ADDED from src/main/AndroidManifest.xml:17:9-69
	android:name
		ADDED from src/main/AndroidManifest.xml:17:19-66
intent-filter#android.intent.action.VIEW+android.intent.category.BROWSABLE+android.intent.category.DEFAULT
ADDED from src/main/AndroidManifest.xml:19:7-26:23
action#android.intent.action.VIEW
ADDED from src/main/AndroidManifest.xml:20:9-61
	android:name
		ADDED from src/main/AndroidManifest.xml:20:17-58
category#android.intent.category.DEFAULT
ADDED from src/main/AndroidManifest.xml:21:9-68
	android:name
		ADDED from src/main/AndroidManifest.xml:21:19-65
category#android.intent.category.BROWSABLE
ADDED from src/main/AndroidManifest.xml:22:9-69
	android:name
		ADDED from src/main/AndroidManifest.xml:22:19-67
data
ADDED from src/main/AndroidManifest.xml:23:9-86
	android:host
		ADDED from src/main/AndroidManifest.xml:23:15-31
	android:scheme
		ADDED from src/main/AndroidManifest.xml:23:32-53
	android:pathPattern
		ADDED from src/main/AndroidManifest.xml:23:54-83
activity#com.neighborcell.daydream.UI.DDActivWeb
ADDED from src/main/AndroidManifest.xml:28:5-30:7
	android:name
		ADDED from src/main/AndroidManifest.xml:29:7-36
service#com.neighborcell.daydream.Service.DDServDlBook
ADDED from src/main/AndroidManifest.xml:32:5-53
	android:name
		ADDED from src/main/AndroidManifest.xml:32:14-50
uses-permission#android.permission.INTERNET
ADDED from src/main/AndroidManifest.xml:38:3-65
	android:name
		ADDED from src/main/AndroidManifest.xml:38:20-62
uses-sdk
INJECTED from src/main/AndroidManifest.xml reason: use-sdk injection requested
	android:targetSdkVersion
		INJECTED from src/main/AndroidManifest.xml
		INJECTED from src/main/AndroidManifest.xml
	android:minSdkVersion
		INJECTED from src/main/AndroidManifest.xml
		INJECTED from src/main/AndroidManifest.xml